This is pdfTeX, Version 3.141592653-2.6-1.40.28 (TeX Live 2025) (preloaded format=pdflatex 2025.10.1)  7 JUL 2026 00:04
entering extended mode
 restricted \write18 enabled.
 %&-line parsing enabled.
**main.tex
(./main.tex
LaTeX2e <2025-06-01> patch level 1
L3 programming layer <2025-09-02>
(./IEEEtran.cls
Document Class: IEEEtran 2015/08/26 V1.8b by Michael Shell
-- See the "IEEEtran_HOWTO" manual for usage information.
-- http://www.michaelshell.org/tex/ieeetran/
\@IEEEtrantmpdimenA=\dimen148
\@IEEEtrantmpdimenB=\dimen149
\@IEEEtrantmpdimenC=\dimen150
\@IEEEtrantmpcountA=\count275
\@IEEEtrantmpcountB=\count276
\@IEEEtrantmpcountC=\count277
\@IEEEtrantmptoksA=\toks17
LaTeX Font Info:    Trying to load font information for OT1+ptm on input line 503.
(c:/Users/cores/AppData/Roaming/TinyTeX/texmf-dist/tex/latex/psnfss/ot1ptm.fd
File: ot1ptm.fd 2001/06/04 font definitions for OT1/ptm.
)
-- Using 8.5in x 11in (letter) paper.
-- Using PDF output.
\@IEEEnormalsizeunitybaselineskip=\dimen151
-- This is a 10 point document.
LaTeX Encoding Info:    Redeclaring text command \textunderscore (encoding ?) on input line 937.
\CLASSINFOnormalsizebaselineskip=\dimen152
\CLASSINFOnormalsizeunitybaselineskip=\dimen153
\IEEEnormaljot=\dimen154
LaTeX Font Info:    Font shape `OT1/ptm/bx/n' in size <5> not available
(Font)              Font shape `OT1/ptm/b/n' tried instead on input line 1090.
LaTeX Font Info:    Font shape `OT1/ptm/bx/it' in size <5> not available
(Font)              Font shape `OT1/ptm/b/it' tried instead on input line 1090.
LaTeX Font Info:    Font shape `OT1/ptm/bx/n' in size <7> not available
(Font)              Font shape `OT1/ptm/b/n' tried instead on input line 1090.
LaTeX Font Info:    Font shape `OT1/ptm/bx/it' in size <7> not available
(Font)              Font shape `OT1/ptm/b/it' tried instead on input line 1090.
LaTeX Font Info:    Font shape `OT1/ptm/bx/n' in size <8> not available
(Font)              Font shape `OT1/ptm/b/n' tried instead on input line 1090.
LaTeX Font Info:    Font shape `OT1/ptm/bx/it' in size <8> not available
(Font)              Font shape `OT1/ptm/b/it' tried instead on input line 1090.
LaTeX Font Info:    Font shape `OT1/ptm/bx/n' in size <9> not available
(Font)              Font shape `OT1/ptm/b/n' tried instead on input line 1090.
LaTeX Font Info:    Font shape `OT1/ptm/bx/it' in size <9> not available
(Font)              Font shape `OT1/ptm/b/it' tried instead on input line 1090.
LaTeX Font Info:    Font shape `OT1/ptm/bx/n' in size <10> not available
(Font)              Font shape `OT1/ptm/b/n' tried instead on input line 1090.
LaTeX Font Info:    Font shape `OT1/ptm/bx/it' in size <10> not available
(Font)              Font shape `OT1/ptm/b/it' tried instead on input line 1090.
LaTeX Font Info:    Font shape `OT1/ptm/bx/n' in size <11> not available
(Font)              Font shape `OT1/ptm/b/n' tried instead on input line 1090.
LaTeX Font Info:    Font shape `OT1/ptm/bx/it' in size <11> not available
(Font)              Font shape `OT1/ptm/b/it' tried instead on input line 1090.
LaTeX Font Info:    Font shape `OT1/ptm/bx/n' in size <12> not available
(Font)              Font shape `OT1/ptm/b/n' tried instead on input line 1090.
LaTeX Font Info:    Font shape `OT1/ptm/bx/it' in size <12> not available
(Font)              Font shape `OT1/ptm/b/it' tried instead on input line 1090.
LaTeX Font Info:    Font shape `OT1/ptm/bx/n' in size <17> not available
(Font)              Font shape `OT1/ptm/b/n' tried instead on input line 1090.
LaTeX Font Info:    Font shape `OT1/ptm/bx/it' in size <17> not available
(Font)              Font shape `OT1/ptm/b/it' tried instead on input line 1090.
LaTeX Font Info:    Font shape `OT1/ptm/bx/n' in size <20> not available
(Font)              Font shape `OT1/ptm/b/n' tried instead on input line 1090.
LaTeX Font Info:    Font shape `OT1/ptm/bx/it' in size <20> not available
(Font)              Font shape `OT1/ptm/b/it' tried instead on input line 1090.
LaTeX Font Info:    Font shape `OT1/ptm/bx/n' in size <24> not available
(Font)              Font shape `OT1/ptm/b/n' tried instead on input line 1090.
LaTeX Font Info:    Font shape `OT1/ptm/bx/it' in size <24> not available
(Font)              Font shape `OT1/ptm/b/it' tried instead on input line 1090.
\IEEEquantizedlength=\dimen155
\IEEEquantizedlengthdiff=\dimen156
\IEEEquantizedtextheightdiff=\dimen157
\IEEEilabelindentA=\dimen158
\IEEEilabelindentB=\dimen159
\IEEEilabelindent=\dimen160
\IEEEelabelindent=\dimen161
\IEEEdlabelindent=\dimen162
\IEEElabelindent=\dimen163
\IEEEiednormlabelsep=\dimen164
\IEEEiedmathlabelsep=\dimen165
\IEEEiedtopsep=\skip49
\c@section=\count278
\c@subsection=\count279
\c@subsubsection=\count280
\c@paragraph=\count281
\c@IEEEsubequation=\count282
\abovecaptionskip=\skip50
\belowcaptionskip=\skip51
\c@figure=\count283
\c@table=\count284
\@IEEEeqnnumcols=\count285
\@IEEEeqncolcnt=\count286
\@IEEEsubeqnnumrollback=\count287
\@IEEEquantizeheightA=\dimen166
\@IEEEquantizeheightB=\dimen167
\@IEEEquantizeheightC=\dimen168
\@IEEEquantizeprevdepth=\dimen169
\@IEEEquantizemultiple=\count288
\@IEEEquantizeboxA=\box53
\@IEEEtmpitemindent=\dimen170
\IEEEPARstartletwidth=\dimen171
\c@IEEEbiography=\count289
\@IEEEtranrubishbin=\box54
) (c:/Users/cores/AppData/Roaming/TinyTeX/texmf-dist/tex/latex/base/inputenc.sty
Package: inputenc 2024/02/08 v1.3d Input encoding file
\inpenc@prehook=\toks18
\inpenc@posthook=\toks19
) (c:/Users/cores/AppData/Roaming/TinyTeX/texmf-dist/tex/generic/babel/babel.sty
Package: babel 2025/08/03 v25.12 The multilingual framework for LuaLaTeX, pdfLaTeX and XeLaTeX
\babel@savecnt=\count290
LaTeX Encoding Info:    Redeclaring text command \ij (encoding OT1) on input line 2045.
LaTeX Encoding Info:    Redeclaring text command \IJ (encoding OT1) on input line 2047.
LaTeX Encoding Info:    Redeclaring text command \ij (encoding T1) on input line 2049.
LaTeX Encoding Info:    Redeclaring text command \IJ (encoding T1) on input line 2050.
LaTeX Encoding Info:    Ignoring declaration for text command \ij (encoding ?) on input line 2051.
LaTeX Encoding Info:    Ignoring declaration for text command \IJ (encoding ?) on input line 2053.
LaTeX Encoding Info:    Ignoring declaration for text command \SS (encoding ?) on input line 2078.
\U@D=\dimen172
\l@unhyphenated=\language6
 (c:/Users/cores/AppData/Roaming/TinyTeX/texmf-dist/tex/generic/babel/txtbabel.def)
\bbl@readstream=\read2
\bbl@dirlevel=\count291
 (c:/Users/cores/AppData/Roaming/TinyTeX/texmf-dist/tex/generic/babel/errbabel.def)

! Package babel Error: Unknown option 'spanish'. Either you misspelled it
(babel)                or the language definition file spanish.ldf
(babel)                was not found.
(babel)                There is a locale ini file for this language.
(babel)                If it’s the main language, try adding `provide=*'
(babel)                to the babel package options.

See the babel package documentation for explanation.
Type  H <return>  for immediate help.
 ...                                              
                                                  
l.4259 \ProcessOptions*
                       
Valid options are, among others: shorthands=, KeepShorthandsActive,
activeacute, activegrave, noconfigs, safe=, main=, math=
headfoot=, strings=, config=, hyphenmap=, or a language name.


! Package babel Error: Unknown option 'es-tabla'. Either you misspelled it
(babel)                or the language definition file es-tabla.ldf
(babel)                was not found.

See the babel package documentation for explanation.
Type  H <return>  for immediate help.
 ...                                              
                                                  
l.4259 \ProcessOptions*
                       
Valid options are, among others: shorthands=, KeepShorthandsActive,
activeacute, activegrave, noconfigs, safe=, main=, math=
headfoot=, strings=, config=, hyphenmap=, or a language name.

Package babel Info: You haven't specified a language as a class or package
(babel)             option. I'll load 'nil'. Reported on input line 4309.
(c:/Users/cores/AppData/Roaming/TinyTeX/texmf-dist/tex/generic/babel/nil.ldf
Language: nil 2025/08/03 v25.12 Nil language
\l@nil=\language7
)) (c:/Users/cores/AppData/Roaming/TinyTeX/texmf-dist/tex/latex/graphics/graphicx.sty
Package: graphicx 2024/12/31 v1.2e Enhanced LaTeX Graphics (DPC,SPQR)
 (c:/Users/cores/AppData/Roaming/TinyTeX/texmf-dist/tex/latex/graphics/keyval.sty
Package: keyval 2022/05/29 v1.15 key=value parser (DPC)
\KV@toks@=\toks20
) (c:/Users/cores/AppData/Roaming/TinyTeX/texmf-dist/tex/latex/graphics/graphics.sty
Package: graphics 2024/08/06 v1.4g Standard LaTeX Graphics (DPC,SPQR)
 (c:/Users/cores/AppData/Roaming/TinyTeX/texmf-dist/tex/latex/graphics/trig.sty
Package: trig 2023/12/02 v1.11 sin cos tan (DPC)
) (c:/Users/cores/AppData/Roaming/TinyTeX/texmf-dist/tex/latex/graphics-cfg/graphics.cfg
File: graphics.cfg 2016/06/04 v1.11 sample graphics configuration
)
Package graphics Info: Driver file: pdftex.def on input line 106.
 (c:/Users/cores/AppData/Roaming/TinyTeX/texmf-dist/tex/latex/graphics-def/pdftex.def
File: pdftex.def 2025/09/29 v1.2d Graphics/color driver for pdftex
))
\Gin@req@height=\dimen173
\Gin@req@width=\dimen174
) (c:/Users/cores/AppData/Roaming/TinyTeX/texmf-dist/tex/latex/amsmath/amsmath.sty
Package: amsmath 2025/06/16 v2.17y AMS math features
\@mathmargin=\skip52

For additional information on amsmath, use the `?' option.
(c:/Users/cores/AppData/Roaming/TinyTeX/texmf-dist/tex/latex/amsmath/amstext.sty
Package: amstext 2024/11/17 v2.01 AMS text
 (c:/Users/cores/AppData/Roaming/TinyTeX/texmf-dist/tex/latex/amsmath/amsgen.sty
File: amsgen.sty 1999/11/30 v2.0 generic functions
\@emptytoks=\toks21
\ex@=\dimen175
)) (c:/Users/cores/AppData/Roaming/TinyTeX/texmf-dist/tex/latex/amsmath/amsbsy.sty
Package: amsbsy 1999/11/29 v1.2d Bold Symbols
\pmbraise@=\dimen176
) (c:/Users/cores/AppData/Roaming/TinyTeX/texmf-dist/tex/latex/amsmath/amsopn.sty
Package: amsopn 2022/04/08 v2.04 operator names
)
\inf@bad=\count292
LaTeX Info: Redefining \frac on input line 233.
\uproot@=\count293
\leftroot@=\count294
LaTeX Info: Redefining \overline on input line 398.
LaTeX Info: Redefining \colon on input line 409.
\classnum@=\count295
\DOTSCASE@=\count296
LaTeX Info: Redefining \ldots on input line 495.
LaTeX Info: Redefining \dots on input line 498.
LaTeX Info: Redefining \cdots on input line 619.
\Mathstrutbox@=\box55
\strutbox@=\box56
LaTeX Info: Redefining \big on input line 721.
LaTeX Info: Redefining \Big on input line 722.
LaTeX Info: Redefining \bigg on input line 723.
LaTeX Info: Redefining \Bigg on input line 724.
\big@size=\dimen177
LaTeX Font Info:    Redeclaring font encoding OML on input line 742.
LaTeX Font Info:    Redeclaring font encoding OMS on input line 743.
\macc@depth=\count297
LaTeX Info: Redefining \bmod on input line 904.
LaTeX Info: Redefining \pmod on input line 909.
LaTeX Info: Redefining \smash on input line 939.
LaTeX Info: Redefining \relbar on input line 969.
LaTeX Info: Redefining \Relbar on input line 970.
\c@MaxMatrixCols=\count298
\dotsspace@=\muskip17
\c@parentequation=\count299
\dspbrk@lvl=\count300
\tag@help=\toks22
\row@=\count301
\column@=\count302
\maxfields@=\count303
\andhelp@=\toks23
\eqnshift@=\dimen178
\alignsep@=\dimen179
\tagshift@=\dimen180
\tagwidth@=\dimen181
\totwidth@=\dimen182
\lineht@=\dimen183
\@envbody=\toks24
\multlinegap=\skip53
\multlinetaggap=\skip54
\mathdisplay@stack=\toks25
LaTeX Info: Redefining \[ on input line 2949.
LaTeX Info: Redefining \] on input line 2950.
) (c:/Users/cores/AppData/Roaming/TinyTeX/texmf-dist/tex/latex/amsfonts/amssymb.sty
Package: amssymb 2013/01/14 v3.01 AMS font symbols
 (c:/Users/cores/AppData/Roaming/TinyTeX/texmf-dist/tex/latex/amsfonts/amsfonts.sty
Package: amsfonts 2013/01/14 v3.01 Basic AMSFonts support
\symAMSa=\mathgroup4
\symAMSb=\mathgroup5
LaTeX Font Info:    Redeclaring math symbol \hbar on input line 98.
LaTeX Font Info:    Overwriting math alphabet `\mathfrak' in version `bold'
(Font)                  U/euf/m/n --> U/euf/b/n on input line 106.
)) (c:/Users/cores/AppData/Roaming/TinyTeX/texmf-dist/tex/latex/booktabs/booktabs.sty
Package: booktabs 2020/01/12 v1.61803398 Publication quality tables
\heavyrulewidth=\dimen184
\lightrulewidth=\dimen185
\cmidrulewidth=\dimen186
\belowrulesep=\dimen187
\belowbottomsep=\dimen188
\aboverulesep=\dimen189
\abovetopsep=\dimen190
\cmidrulesep=\dimen191
\cmidrulekern=\dimen192
\defaultaddspace=\dimen193
\@cmidla=\count304
\@cmidlb=\count305
\@aboverulesep=\dimen194
\@belowrulesep=\dimen195
\@thisruleclass=\count306
\@lastruleclass=\count307
\@thisrulewidth=\dimen196
) (c:/Users/cores/AppData/Roaming/TinyTeX/texmf-dist/tex/latex/float/float.sty
Package: float 2001/11/08 v1.3d Float enhancements (AL)
\c@float@type=\count308
\float@exts=\toks26
\float@box=\box57
\@float@everytoks=\toks27
\@floatcapt=\box58
) (c:/Users/cores/AppData/Roaming/TinyTeX/texmf-dist/tex/latex/url/url.sty
\Urlmuskip=\muskip18
Package: url 2013/09/16  ver 3.4  Verb mode for urls, etc.
) (c:/Users/cores/AppData/Roaming/TinyTeX/texmf-dist/tex/latex/l3backend/l3backend-pdftex.def
File: l3backend-pdftex.def 2025-06-09 L3 backend support: PDF output (pdfTeX)
\l__color_backend_stack_int=\count309
)
No file main.aux.
\openout1 = `main.aux'.

LaTeX Font Info:    Checking defaults for OML/cmm/m/it on input line 10.
LaTeX Font Info:    ... okay on input line 10.
LaTeX Font Info:    Checking defaults for OMS/cmsy/m/n on input line 10.
LaTeX Font Info:    ... okay on input line 10.
LaTeX Font Info:    Checking defaults for OT1/cmr/m/n on input line 10.
LaTeX Font Info:    ... okay on input line 10.
LaTeX Font Info:    Checking defaults for T1/cmr/m/n on input line 10.
LaTeX Font Info:    ... okay on input line 10.
LaTeX Font Info:    Checking defaults for TS1/cmr/m/n on input line 10.
LaTeX Font Info:    ... okay on input line 10.
LaTeX Font Info:    Checking defaults for OMX/cmex/m/n on input line 10.
LaTeX Font Info:    ... okay on input line 10.
LaTeX Font Info:    Checking defaults for U/cmr/m/n on input line 10.
LaTeX Font Info:    ... okay on input line 10.
-- Lines per column: 56 (exact).
(c:/Users/cores/AppData/Roaming/TinyTeX/texmf-dist/tex/latex/epstopdf-pkg/epstopdf-base.sty
Package: epstopdf-base 2020-01-24 v2.11 Base part for package epstopdf
Package epstopdf-base Info: Redefining graphics rule for `.eps' on input line 485.
 (c:/Users/cores/AppData/Roaming/TinyTeX/texmf-dist/tex/latex/latexconfig/epstopdf-sys.cfg
File: epstopdf-sys.cfg 2010/07/13 v1.3 Configuration of (r)epstopdf for TeX Live
))
Underfull \hbox (badness 1769) in paragraph at lines 32--34
[]\OT1/ptm/b/it/9 Index Terms\OT1/ptm/b/n/9 ---Machine Learning, Random Forest, EDA,
 []

LaTeX Font Info:    Trying to load font information for U+msa on input line 39.
(c:/Users/cores/AppData/Roaming/TinyTeX/texmf-dist/tex/latex/amsfonts/umsa.fd
File: umsa.fd 2013/01/14 v3.01 AMS symbols A
)
LaTeX Font Info:    Trying to load font information for U+msb on input line 39.
 (c:/Users/cores/AppData/Roaming/TinyTeX/texmf-dist/tex/latex/amsfonts/umsb.fd
File: umsb.fd 2013/01/14 v3.01 AMS symbols B
)
LaTeX Font Info:    Trying to load font information for OT1+pcr on input line 39.
 (c:/Users/cores/AppData/Roaming/TinyTeX/texmf-dist/tex/latex/psnfss/ot1pcr.fd
File: ot1pcr.fd 2001/06/04 font definitions for OT1/pcr.
)
Underfull \hbox (badness 1661) in paragraph at lines 39--40
[]\OT1/ptm/b/n/10 Searches (\OT1/pcr/b/n/10 searches_6381\OT1/ptm/b/n/10 ): \OT1/ptm/m/n/10 Contiene el historial
 []


Underfull \hbox (badness 10000) in paragraph at lines 40--41
[]\OT1/ptm/b/n/10 Amenities (\OT1/pcr/b/n/10 amenities_descriptions\OT1/ptm/b/n/10 ): \OT1/ptm/m/n/10 Un
 []

<eda_nas_plot-1.pdf, id=1, 650.43pt x 361.35pt>
File: eda_nas_plot-1.pdf Graphic file (type pdf)
<use eda_nas_plot-1.pdf>
Package pdftex.def Info: eda_nas_plot-1.pdf  used on input line 54.
(pdftex.def)             Requested size: 252.0pt x 139.99962pt.

Underfull \hbox (badness 10000) in paragraph at lines 58--59
\OT1/ptm/m/n/10 en las variables de satisfacci[]on y calificaciones
 []


Underfull \hbox (badness 10000) in paragraph at lines 58--59
\OT1/ptm/m/n/10 por dimensi[]on (como \OT1/pcr/m/n/10 avgServicepersonal \OT1/ptm/m/n/10 o
 []


Underfull \hbox (badness 5022) in paragraph at lines 58--59
\OT1/pcr/m/n/10 avgRatingLocation\OT1/ptm/m/n/10 ), alcanzando apenas un 5.36%
 []



<eda_target_plot-1.pdf, id=2, 650.43pt x 361.35pt>
File: eda_target_plot-1.pdf Graphic file (type pdf)
<use eda_target_plot-1.pdf>
Package pdftex.def Info: eda_target_plot-1.pdf  used on input line 65.
(pdftex.def)             Requested size: 252.0pt x 139.99962pt.


[1{c:/Users/cores/AppData/Roaming/TinyTeX/texmf-var/fonts/map/pdftex/updmap/pdftex.map}{c:/Users/cores/AppData/Roaming/TinyTeX/texmf-dist/fonts/enc/dvips/base/8r.enc}


 <./eda_nas_plot-1.pdf>]
<eda_precio_hist-1.pdf, id=23, 650.43pt x 361.35pt>
File: eda_precio_hist-1.pdf Graphic file (type pdf)
<use eda_precio_hist-1.pdf>
Package pdftex.def Info: eda_precio_hist-1.pdf  used on input line 76.
(pdftex.def)             Requested size: 252.0pt x 139.99962pt.
<eda_precio_target-1.pdf, id=24, 650.43pt x 361.35pt>
File: eda_precio_target-1.pdf Graphic file (type pdf)
<use eda_precio_target-1.pdf>
Package pdftex.def Info: eda_precio_target-1.pdf  used on input line 84.
(pdftex.def)             Requested size: 252.0pt x 139.99962pt.
<eda_estrellas-1.pdf, id=25, 650.43pt x 361.35pt>
File: eda_estrellas-1.pdf Graphic file (type pdf)
<use eda_estrellas-1.pdf>
Package pdftex.def Info: eda_estrellas-1.pdf  used on input line 93.
(pdftex.def)             Requested size: 252.0pt x 139.99962pt.


<eda_ratings_plot-1.pdf, id=26, 650.43pt x 361.35pt>
File: eda_ratings_plot-1.pdf Graphic file (type pdf)
<use eda_ratings_plot-1.pdf>
Package pdftex.def Info: eda_ratings_plot-1.pdf  used on input line 101.
(pdftex.def)             Requested size: 252.0pt x 139.99962pt.
<eda_mes_ci-1.pdf, id=27, 650.43pt x 361.35pt>
File: eda_mes_ci-1.pdf Graphic file (type pdf)
<use eda_mes_ci-1.pdf>
Package pdftex.def Info: eda_mes_ci-1.pdf  used on input line 110.
(pdftex.def)             Requested size: 252.0pt x 139.99962pt.


[2 <./eda_target_plot-1.pdf> <./eda_precio_hist-1.pdf> <./eda_precio_target-1.pdf> <./eda_estrellas-1.pdf> <./eda_ratings_plot-1.pdf> <./eda_mes_ci-1.pdf>]
<eda_anticipacion-1.pdf, id=107, 650.43pt x 361.35pt>
File: eda_anticipacion-1.pdf Graphic file (type pdf)
<use eda_anticipacion-1.pdf>
Package pdftex.def Info: eda_anticipacion-1.pdf  used on input line 118.
(pdftex.def)             Requested size: 252.0pt x 139.99962pt.
<eda_correlacion-1.pdf, id=108, 650.43pt x 361.35pt>
File: eda_correlacion-1.pdf Graphic file (type pdf)
<use eda_correlacion-1.pdf>
Package pdftex.def Info: eda_correlacion-1.pdf  used on input line 127.
(pdftex.def)             Requested size: 252.0pt x 139.99962pt.
<eda_posicion-1.pdf, id=109, 650.43pt x 361.35pt>
File: eda_posicion-1.pdf Graphic file (type pdf)
<use eda_posicion-1.pdf>
Package pdftex.def Info: eda_posicion-1.pdf  used on input line 135.
(pdftex.def)             Requested size: 252.0pt x 139.99962pt.

Underfull \hbox (badness 10000) in paragraph at lines 140--141
[]\OT1/ptm/m/n/10 Filtramos el dataset para abarcar exclusivamente
 []


Underfull \hbox (badness 10000) in paragraph at lines 140--141
\OT1/ptm/m/n/10 R[]^^Po de Janeiro (\OT1/pcr/m/n/10 geo_id = 6381\OT1/ptm/m/n/10 ) y definimos
 []


Underfull \hbox (badness 10000) in paragraph at lines 140--141
\OT1/pcr/m/n/10 price_by_night_person \OT1/ptm/m/n/10 como variable objetivo
 []

<plot_dist_precio-1.pdf, id=110, 650.43pt x 361.35pt>
File: plot_dist_precio-1.pdf Graphic file (type pdf)
<use plot_dist_precio-1.pdf>
Package pdftex.def Info: plot_dist_precio-1.pdf  used on input line 146.
(pdftex.def)             Requested size: 252.0pt x 139.99962pt.


<scatter_mejor_var.pdf, id=111, 650.43pt x 361.35pt>
File: scatter_mejor_var.pdf Graphic file (type pdf)
<use scatter_mejor_var.pdf>
Package pdftex.def Info: scatter_mejor_var.pdf  used on input line 159.
(pdftex.def)             Requested size: 252.0pt x 139.99962pt.

Underfull \hbox (badness 2080) in paragraph at lines 166--167
[]\OT1/ptm/m/n/10 Para capturar relaciones multivariadas no lineales, se
 []

<plot_reales_vs_pred-1.pdf, id=112, 650.43pt x 361.35pt>
File: plot_reales_vs_pred-1.pdf Graphic file (type pdf)
<use plot_reales_vs_pred-1.pdf>
Package pdftex.def Info: plot_reales_vs_pred-1.pdf  used on input line 170.
(pdftex.def)             Requested size: 252.0pt x 139.99962pt.


[3 <./eda_anticipacion-1.pdf> <./eda_correlacion-1.pdf> <./eda_posicion-1.pdf> <./plot_dist_precio-1.pdf>]
<plot_feature_importance-1.pdf, id=186, 650.43pt x 361.35pt>
File: plot_feature_importance-1.pdf Graphic file (type pdf)
<use plot_feature_importance-1.pdf>
Package pdftex.def Info: plot_feature_importance-1.pdf  used on input line 181.
(pdftex.def)             Requested size: 252.0pt x 139.99962pt.

Underfull \hbox (badness 10000) in paragraph at lines 185--186
[]\OT1/ptm/m/n/10 Los gradientes de urgencia (\OT1/pcr/m/n/10 anticipation\OT1/ptm/m/n/10 ,
 []


Underfull \hbox (badness 10000) in paragraph at lines 185--186
\OT1/pcr/m/n/10 dia_del_anio\OT1/ptm/m/n/10 ) y la centralidad del suelo
 []




Underfull \hbox (badness 1701) in paragraph at lines 190--191
\OT1/ptm/m/n/10 capacidad de predecir la cola pesada del segmento de
 []


** Conference Paper **
Before submitting the final camera ready copy, remember to:

 1. Manually equalize the lengths of two columns on the last page
 of your paper;

 2. Ensure that any PostScript and/or PDF output post-processing
 uses only Type 1 fonts and that every step in the generation
 process uses the appropriate paper size.



[4 <./scatter_mejor_var.pdf> <./plot_reales_vs_pred-1.pdf> <./plot_feature_importance-1.pdf>] (./main.aux)
 ***********
LaTeX2e <2025-06-01> patch level 1
L3 programming layer <2025-09-02>
 ***********
 ) 
Here is how much of TeX's memory you used:
 4530 strings out of 469668
 77620 string characters out of 5472881
 494518 words of memory out of 5000000
 32951 multiletter control sequences out of 15000+600000
 660924 words of font info for 101 fonts, out of 8000000 for 9000
 36 hyphenation exceptions out of 8191
 57i,8n,65p,735b,274s stack positions out of 10000i,1000n,20000p,200000b,200000s
<c:/Users/cores/AppData/Roaming/TinyTeX/texmf-dist/fonts/type1/public/amsfonts/cm/cmmi10.pfb><c:/Users/cores/AppData/Roaming/TinyTeX/texmf-dist/fonts/type1/public/amsfonts/cm/cmr10.pfb><c:/Users/cores/AppData/Roaming/TinyTeX/texmf-dist/fonts/type1/public/amsfonts/cm/cmr7.pfb><c:/Users/cores/AppData/Roaming/TinyTeX/texmf-dist/fonts/type1/public/amsfonts/cm/cmsy10.pfb><c:/Users/cores/AppData/Roaming/TinyTeX/texmf-dist/fonts/type1/public/amsfonts/cm/cmsy7.pfb><c:/Users/cores/AppData/Roaming/TinyTeX/texmf-dist/fonts/type1/urw/courier/ucrb8a.pfb><c:/Users/cores/AppData/Roaming/TinyTeX/texmf-dist/fonts/type1/urw/courier/ucrr8a.pfb><c:/Users/cores/AppData/Roaming/TinyTeX/texmf-dist/fonts/type1/urw/times/utmb8a.pfb><c:/Users/cores/AppData/Roaming/TinyTeX/texmf-dist/fonts/type1/urw/times/utmbi8a.pfb><c:/Users/cores/AppData/Roaming/TinyTeX/texmf-dist/fonts/type1/urw/times/utmr8a.pfb><c:/Users/cores/AppData/Roaming/TinyTeX/texmf-dist/fonts/type1/urw/times/utmri8a.pfb>
Output written on main.pdf (4 pages, 70680101 bytes).
PDF statistics:
 305 PDF objects out of 1000 (max. 8388607)
 246 compressed objects within 3 object streams
 0 named destinations out of 1000 (max. 500000)
 71 words of extra memory for PDF output out of 10000 (max. 10000000)

